<?xml version="1.0" encoding="UTF-8"?>
<testsuite name="com.example.apiREST.ApiRestApplicationTests" tests="1" skipped="0" failures="0" errors="0" timestamp="2019-10-08T03:19:34" hostname="takuma-ThinkPad-L470" time="0.036">
  <properties/>
  <testcase name="contextLoads" classname="com.example.apiREST.ApiRestApplicationTests" time="0.036"/>
  <system-out><![CDATA[22:19:28.310 [Test worker] DEBUG org.springframework.test.context.junit4.SpringJUnit4ClassRunner - SpringJUnit4ClassRunner constructor called with [class com.example.apiREST.ApiRestApplicationTests]
22:19:28.324 [Test worker] DEBUG org.springframework.test.context.BootstrapUtils - Instantiating CacheAwareContextLoaderDelegate from class [org.springframework.test.context.cache.DefaultCacheAwareContextLoaderDelegate]
22:19:28.331 [Test worker] DEBUG org.springframework.test.context.BootstrapUtils - Instantiating BootstrapContext using constructor [public org.springframework.test.context.support.DefaultBootstrapContext(java.lang.Class,org.springframework.test.context.CacheAwareContextLoaderDelegate)]
22:19:28.346 [Test worker] DEBUG org.springframework.test.context.BootstrapUtils - Instantiating TestContextBootstrapper for test class [com.example.apiREST.ApiRestApplicationTests] from class [org.springframework.boot.test.context.SpringBootTestContextBootstrapper]
22:19:28.357 [Test worker] INFO org.springframework.boot.test.context.SpringBootTestContextBootstrapper - Neither @ContextConfiguration nor @ContextHierarchy found for test class [com.example.apiREST.ApiRestApplicationTests], using SpringBootContextLoader
22:19:28.359 [Test worker] DEBUG org.springframework.test.context.support.AbstractContextLoader - Did not detect default resource location for test class [com.example.apiREST.ApiRestApplicationTests]: class path resource [com/example/apiREST/ApiRestApplicationTests-context.xml] does not exist
22:19:28.360 [Test worker] DEBUG org.springframework.test.context.support.AbstractContextLoader - Did not detect default resource location for test class [com.example.apiREST.ApiRestApplicationTests]: class path resource [com/example/apiREST/ApiRestApplicationTestsContext.groovy] does not exist
22:19:28.360 [Test worker] INFO org.springframework.test.context.support.AbstractContextLoader - Could not detect default resource locations for test class [com.example.apiREST.ApiRestApplicationTests]: no resource found for suffixes {-context.xml, Context.groovy}.
22:19:28.361 [Test worker] INFO org.springframework.test.context.support.AnnotationConfigContextLoaderUtils - Could not detect default configuration classes for test class [com.example.apiREST.ApiRestApplicationTests]: ApiRestApplicationTests does not declare any static, non-private, non-final, nested classes annotated with @Configuration.
22:19:28.397 [Test worker] DEBUG org.springframework.test.context.support.ActiveProfilesUtils - Could not find an 'annotation declaring class' for annotation type [org.springframework.test.context.ActiveProfiles] and class [com.example.apiREST.ApiRestApplicationTests]
22:19:28.455 [Test worker] DEBUG org.springframework.context.annotation.ClassPathScanningCandidateComponentProvider - Identified candidate component class: file [/home/takuma/Documents/EE461L/EE461L_Jaguar_SSBracket/apiREST/build/classes/java/main/com/example/apiREST/ApiRestApplication.class]
22:19:28.456 [Test worker] INFO org.springframework.boot.test.context.SpringBootTestContextBootstrapper - Found @SpringBootConfiguration com.example.apiREST.ApiRestApplication for test class com.example.apiREST.ApiRestApplicationTests
22:19:28.533 [Test worker] DEBUG org.springframework.boot.test.context.SpringBootTestContextBootstrapper - @TestExecutionListeners is not present for class [com.example.apiREST.ApiRestApplicationTests]: using defaults.
22:19:28.534 [Test worker] INFO org.springframework.boot.test.context.SpringBootTestContextBootstrapper - Loaded default TestExecutionListener class names from location [META-INF/spring.factories]: [org.springframework.boot.test.autoconfigure.restdocs.RestDocsTestExecutionListener, org.springframework.boot.test.autoconfigure.web.client.MockRestServiceServerResetTestExecutionListener, org.springframework.boot.test.autoconfigure.web.servlet.MockMvcPrintOnlyOnFailureTestExecutionListener, org.springframework.boot.test.autoconfigure.web.servlet.WebDriverTestExecutionListener, org.springframework.boot.test.mock.mockito.MockitoTestExecutionListener, org.springframework.boot.test.mock.mockito.ResetMocksTestExecutionListener, org.springframework.test.context.web.ServletTestExecutionListener, org.springframework.test.context.support.DirtiesContextBeforeModesTestExecutionListener, org.springframework.test.context.support.DependencyInjectionTestExecutionListener, org.springframework.test.context.support.DirtiesContextTestExecutionListener, org.springframework.test.context.transaction.TransactionalTestExecutionListener, org.springframework.test.context.jdbc.SqlScriptsTestExecutionListener]
22:19:28.546 [Test worker] INFO org.springframework.boot.test.context.SpringBootTestContextBootstrapper - Using TestExecutionListeners: [org.springframework.test.context.web.ServletTestExecutionListener@361f0b60, org.springframework.test.context.support.DirtiesContextBeforeModesTestExecutionListener@27a84e9a, org.springframework.boot.test.mock.mockito.MockitoTestExecutionListener@3d00415a, org.springframework.boot.test.autoconfigure.SpringBootDependencyInjectionTestExecutionListener@29181478, org.springframework.test.context.support.DirtiesContextTestExecutionListener@67925e30, org.springframework.test.context.transaction.TransactionalTestExecutionListener@2ab00c6, org.springframework.test.context.jdbc.SqlScriptsTestExecutionListener@3d1e9b58, org.springframework.boot.test.autoconfigure.restdocs.RestDocsTestExecutionListener@544ce357, org.springframework.boot.test.autoconfigure.web.client.MockRestServiceServerResetTestExecutionListener@215a5430, org.springframework.boot.test.autoconfigure.web.servlet.MockMvcPrintOnlyOnFailureTestExecutionListener@7badcded, org.springframework.boot.test.autoconfigure.web.servlet.WebDriverTestExecutionListener@32205d9b, org.springframework.boot.test.mock.mockito.ResetMocksTestExecutionListener@14556d3]
22:19:28.551 [Test worker] DEBUG org.springframework.test.annotation.ProfileValueUtils - Retrieved @ProfileValueSourceConfiguration [null] for test class [com.example.apiREST.ApiRestApplicationTests]
22:19:28.552 [Test worker] DEBUG org.springframework.test.annotation.ProfileValueUtils - Retrieved ProfileValueSource type [class org.springframework.test.annotation.SystemProfileValueSource] for class [com.example.apiREST.ApiRestApplicationTests]
22:19:28.552 [Test worker] DEBUG org.springframework.test.annotation.ProfileValueUtils - Retrieved @ProfileValueSourceConfiguration [null] for test class [com.example.apiREST.ApiRestApplicationTests]
22:19:28.552 [Test worker] DEBUG org.springframework.test.annotation.ProfileValueUtils - Retrieved ProfileValueSource type [class org.springframework.test.annotation.SystemProfileValueSource] for class [com.example.apiREST.ApiRestApplicationTests]
22:19:28.556 [Test worker] DEBUG org.springframework.test.context.support.AbstractDirtiesContextTestExecutionListener - Before test class: context [DefaultTestContext@940a73a testClass = ApiRestApplicationTests, testInstance = [null], testMethod = [null], testException = [null], mergedContextConfiguration = [WebMergedContextConfiguration@11dc2756 testClass = ApiRestApplicationTests, locations = '{}', classes = '{class com.example.apiREST.ApiRestApplication}', contextInitializerClasses = '[]', activeProfiles = '{}', propertySourceLocations = '{}', propertySourceProperties = '{org.springframework.boot.test.context.SpringBootTestContextBootstrapper=true}', contextCustomizers = set[org.springframework.boot.test.autoconfigure.properties.PropertyMappingContextCustomizer@0, org.springframework.boot.test.autoconfigure.web.servlet.WebDriverContextCustomizerFactory$Customizer@1aacdf65, org.springframework.boot.test.context.filter.ExcludeFilterContextCustomizer@6a6dcb86, org.springframework.boot.test.json.DuplicateJsonObjectContextCustomizerFactory$DuplicateJsonObjectContextCustomizer@ee06e62, org.springframework.boot.test.mock.mockito.MockitoContextCustomizer@0, org.springframework.boot.test.web.client.TestRestTemplateContextCustomizer@1bc62081], resourceBasePath = 'src/main/webapp', contextLoader = 'org.springframework.boot.test.context.SpringBootContextLoader', parent = [null]], attributes = map['org.springframework.test.context.web.ServletTestExecutionListener.activateListener' -> true]], class annotated with @DirtiesContext [false] with mode [null].
22:19:28.557 [Test worker] DEBUG org.springframework.test.annotation.ProfileValueUtils - Retrieved @ProfileValueSourceConfiguration [null] for test class [com.example.apiREST.ApiRestApplicationTests]
22:19:28.557 [Test worker] DEBUG org.springframework.test.annotation.ProfileValueUtils - Retrieved ProfileValueSource type [class org.springframework.test.annotation.SystemProfileValueSource] for class [com.example.apiREST.ApiRestApplicationTests]
22:19:28.572 [Test worker] DEBUG org.springframework.test.context.support.TestPropertySourceUtils - Adding inlined properties to environment: {spring.jmx.enabled=false, org.springframework.boot.test.context.SpringBootTestContextBootstrapper=true, server.port=-1}

  .   ____          _            __ _ _
 /\\ / ___'_ __ _ _(_)_ __  __ _ \ \ \ \
( ( )\___ | '_ | '_| | '_ \/ _` | \ \ \ \
 \\/  ___)| |_)| | | | | || (_| |  ) ) ) )
  '  |____| .__|_| |_|_| |_\__, | / / / /
 =========|_|==============|___/=/_/_/_/
 :: Spring Boot ::        (v2.1.9.RELEASE)

2019-10-07 22:19:28.832  INFO 18373 --- [    Test worker] c.e.apiREST.ApiRestApplicationTests      : Starting ApiRestApplicationTests on takuma-ThinkPad-L470 with PID 18373 (started by root in /home/takuma/Documents/EE461L/EE461L_Jaguar_SSBracket/apiREST)
2019-10-07 22:19:28.835  INFO 18373 --- [    Test worker] c.e.apiREST.ApiRestApplicationTests      : No active profile set, falling back to default profiles: default
2019-10-07 22:19:29.606  INFO 18373 --- [    Test worker] .s.d.r.c.RepositoryConfigurationDelegate : Bootstrapping Spring Data repositories in DEFAULT mode.
2019-10-07 22:19:29.694  INFO 18373 --- [    Test worker] .s.d.r.c.RepositoryConfigurationDelegate : Finished Spring Data repository scanning in 80ms. Found 2 repository interfaces.
2019-10-07 22:19:30.066  INFO 18373 --- [    Test worker] trationDelegate$BeanPostProcessorChecker : Bean 'apiRestApplication' of type [com.example.apiREST.ApiRestApplication$$EnhancerBySpringCGLIB$$6a8f05d7] is not eligible for getting processed by all BeanPostProcessors (for example: not eligible for auto-proxying)
2019-10-07 22:19:30.185  INFO 18373 --- [    Test worker] trationDelegate$BeanPostProcessorChecker : Bean 'org.springframework.transaction.annotation.ProxyTransactionManagementConfiguration' of type [org.springframework.transaction.annotation.ProxyTransactionManagementConfiguration$$EnhancerBySpringCGLIB$$80748bff] is not eligible for getting processed by all BeanPostProcessors (for example: not eligible for auto-proxying)
2019-10-07 22:19:30.414  INFO 18373 --- [    Test worker] com.zaxxer.hikari.HikariDataSource       : HikariPool-1 - Starting...
2019-10-07 22:19:31.814  INFO 18373 --- [    Test worker] com.zaxxer.hikari.HikariDataSource       : HikariPool-1 - Start completed.
2019-10-07 22:19:31.904  INFO 18373 --- [    Test worker] o.hibernate.jpa.internal.util.LogHelper  : HHH000204: Processing PersistenceUnitInfo [
	name: default
	...]
2019-10-07 22:19:31.957  INFO 18373 --- [    Test worker] org.hibernate.Version                    : HHH000412: Hibernate Core {5.3.12.Final}
2019-10-07 22:19:31.959  INFO 18373 --- [    Test worker] org.hibernate.cfg.Environment            : HHH000206: hibernate.properties not found
2019-10-07 22:19:32.106  INFO 18373 --- [    Test worker] o.hibernate.annotations.common.Version   : HCANN000001: Hibernate Commons Annotations {5.0.4.Final}
2019-10-07 22:19:32.221  INFO 18373 --- [    Test worker] org.hibernate.dialect.Dialect            : HHH000400: Using dialect: org.hibernate.dialect.MySQL8Dialect
2019-10-07 22:19:33.265  INFO 18373 --- [    Test worker] j.LocalContainerEntityManagerFactoryBean : Initialized JPA EntityManagerFactory for persistence unit 'default'
2019-10-07 22:19:34.173  INFO 18373 --- [    Test worker] o.s.s.concurrent.ThreadPoolTaskExecutor  : Initializing ExecutorService 'applicationTaskExecutor'
2019-10-07 22:19:34.230  WARN 18373 --- [    Test worker] aWebConfiguration$JpaWebMvcConfiguration : spring.jpa.open-in-view is enabled by default. Therefore, database queries may be performed during view rendering. Explicitly configure spring.jpa.open-in-view to disable this warning
2019-10-07 22:19:34.583  INFO 18373 --- [    Test worker] c.e.apiREST.ApiRestApplicationTests      : Started ApiRestApplicationTests in 6.003 seconds (JVM running for 6.868)
]]></system-out>
  <system-err><![CDATA[]]></system-err>
</testsuite>
